\BOOKMARK [0][-]{chapter*.4}{\376\377\000\332\000v\000o\000d}{}% 1
\BOOKMARK [0][-]{chapter.1}{\376\377\000A\000r\000c\000h\000i\000t\000e\000k\000t\000u\000r\000a\000\040\000a\000\040\000k\000o\000n\000c\000e\000p\000t\000y\000\040\000a\000p\000l\000i\000k\000a\000c\000e}{}% 2
\BOOKMARK [1][-]{section.1.1}{\376\377\000A\000r\000c\000h\000i\000t\000e\000k\000t\000u\000r\000a}{chapter.1}% 3
\BOOKMARK [1][-]{section.1.2}{\376\377\000T\000y\000p\000e\000s\000a\000f\000e\000t\000y}{chapter.1}% 4
\BOOKMARK [0][-]{chapter.2}{\376\377\000B\000a\000c\000k\000e\000n\000d}{}% 5
\BOOKMARK [1][-]{section.2.1}{\376\377\000A\000r\000c\000h\000i\000t\000e\000k\000t\000u\000r\000a\000\040\000b\000a\000c\000k\000e\000n\000d\000u}{chapter.2}% 6
\BOOKMARK [1][-]{section.2.2}{\376\377\000A\000u\000t\000e\000n\000t\000i\000f\000i\000k\000a\000c\000e}{chapter.2}% 7
\BOOKMARK [1][-]{section.2.3}{\376\377\000M\000o\000d\000e\000l\000\040\000d\000a\000t\000a\000b\000\341\000z\000e}{chapter.2}% 8
\BOOKMARK [1][-]{section.2.4}{\376\377\000V\000y\000u\001\176\000i\000t\000\351\000\040\000t\000e\000c\000h\000n\000o\000l\000o\000g\000i\000e}{chapter.2}% 9
\BOOKMARK [0][-]{chapter.3}{\376\377\000V\000y\000u\001\176\000i\000t\000\351\000\040\000t\000e\000c\000h\000n\000o\000l\000o\000g\000i\000e}{}% 10
\BOOKMARK [1][-]{section.3.1}{\376\377\000S\000v\000e\000l\000t\000e\000K\000i\000t}{chapter.3}% 11
\BOOKMARK [0][-]{chapter.4}{\376\377\000F\000r\000o\000n\000t\000e\000n\000d}{}% 12
\BOOKMARK [1][-]{section.4.1}{\376\377\000V\000y\000u\001\176\000i\000t\000\351\000\040\000t\000e\000c\000h\000n\000o\000l\000o\000g\000i\000e}{chapter.4}% 13
\BOOKMARK [0][-]{chapter.5}{\376\377\000K\000r\000o\000k\000y\000\040\000k\000\040\001\131\000e\001\141\000e\000n\000\355\000,\000\040\000f\000u\000n\000k\000c\000i\000o\000n\000a\000l\000i\000t\000y\000\040\000a\000p\000l\000i\000k\000a\000c\000e\000\040\000a\000\040\000i\000m\000p\000l\000e\000m\000e\000n\000t\000a\000c\000e}{}% 14
\BOOKMARK [1][-]{section.5.1}{\376\377\000Z\000a\000l\000o\001\176\000e\000n\000\355\000\040\000a\000\040\000k\000o\000n\000f\000i\000g\000u\000r\000a\000c\000e\000\040\000p\000r\000o\000j\000e\000k\000t\000u}{chapter.5}% 15
\BOOKMARK [1][-]{section.5.2}{\376\377\000D\000e\000s\000i\000g\000n}{chapter.5}% 16
\BOOKMARK [1][-]{section.5.3}{\376\377\000T\000e\000s\000t\000y\000\040\000a\000\040\000j\000e\000j\000i\000c\000h\000\040\000v\000l\000a\000s\000t\000n\000o\000s\000t\000i}{chapter.5}% 17
\BOOKMARK [1][-]{section.5.4}{\376\377\000V\000y\000p\000l\001\110\000o\000v\000\341\000n\000\355\000\040\000t\000e\000s\000t\000u}{chapter.5}% 18
\BOOKMARK [1][-]{section.5.5}{\376\377\000Z\000o\000b\000r\000a\000z\000o\000v\000\341\000n\000\355\000\040\000t\000e\000s\000t\001\157}{chapter.5}% 19
\BOOKMARK [1][-]{section.5.6}{\376\377\000S\000k\000u\000p\000i\000n\000y}{chapter.5}% 20
\BOOKMARK [1][-]{section.5.7}{\376\377\000S\000v\001\033\000t\000l\000\375\000\040\000a\000\040\000t\000m\000a\000v\000\375\000\040\000r\000e\001\176\000i\000m}{chapter.5}% 21
\BOOKMARK [1][-]{section.5.8}{\376\377\000D\000o\000m\000o\000v\000s\000k\000\341\000\040\000s\000t\000r\000\341\000n\000k\000a}{chapter.5}% 22
\BOOKMARK [1][-]{section.5.9}{\376\377\000R\000e\000s\000p\000o\000n\000s\000i\000v\000i\000t\000a}{chapter.5}% 23
\BOOKMARK [0][-]{chapter.6}{\376\377\000V\000\375\000s\000l\000e\000d\000k\000y\000\040\000p\000r\000\341\000c\000e}{}% 24
\BOOKMARK [1][-]{section.6.1}{\376\377\000F\000u\000n\000k\000c\000e\000\040\000a\000p\000l\000i\000k\000a\000c\000e}{chapter.6}% 25
\BOOKMARK [1][-]{section.6.2}{\376\377\000S\000p\000l\000n\001\033\000n\000\351\000\040\000a\000\040\000n\000e\000s\000p\000l\000n\001\033\000n\000\351\000\040\000c\000\355\000l\000e}{chapter.6}% 26
